2017-04-11 12:00:10.664  INFO 6732 --- [main] c.v.a.microservices.track.TrackServer    : Starting TrackServer on W231412B8FM2Y with PID 6732 (D:\erya_backend\erya-backend\build\classes\main started by Sunny.Zhao in D:\erya_backend\erya-backend)
2017-04-11 12:00:10.679  INFO 6732 --- [main] c.v.a.microservices.track.TrackServer    : No active profile set, falling back to default profiles: default
2017-04-11 12:00:11.319  INFO 6732 --- [main] ationConfigEmbeddedWebApplicationContext : Refreshing org.springframework.boot.context.embedded.AnnotationConfigEmbeddedWebApplicationContext@16be97c: startup date [Tue Apr 11 12:00:11 CST 2017]; root of context hierarchy
2017-04-11 12:00:18.388  INFO 6732 --- [main] trationDelegate$BeanPostProcessorChecker : Bean 'org.springframework.boot.autoconfigure.validation.ValidationAutoConfiguration' of type [class org.springframework.boot.autoconfigure.validation.ValidationAutoConfiguration] is not eligible for getting processed by all BeanPostProcessors (for example: not eligible for auto-proxying)
2017-04-11 12:00:18.966  INFO 6732 --- [main] trationDelegate$BeanPostProcessorChecker : Bean 'validator' of type [class org.springframework.validation.beanvalidation.LocalValidatorFactoryBean] is not eligible for getting processed by all BeanPostProcessors (for example: not eligible for auto-proxying)
2017-04-11 12:00:19.419  INFO 6732 --- [main] org.eclipse.jetty.util.log               : Logging initialized @18417ms to org.eclipse.jetty.util.log.Slf4jLog
2017-04-11 12:00:20.279  INFO 6732 --- [main] e.j.JettyEmbeddedServletContainerFactory : Server initialized with port: 8083
2017-04-11 12:00:20.295  INFO 6732 --- [main] org.eclipse.jetty.server.Server          : jetty-9.4.1.v20170120
2017-04-11 12:00:20.872  INFO 6732 --- [main] org.eclipse.jetty.server.session         : DefaultSessionIdManager workerName=node0
2017-04-11 12:00:20.872  INFO 6732 --- [main] org.eclipse.jetty.server.session         : No SessionScavenger set, using defaults
2017-04-11 12:00:20.919  INFO 6732 --- [main] org.eclipse.jetty.server.session         : Scavenging every 660000ms
2017-04-11 12:00:20.966  INFO 6732 --- [main] application                              : Initializing Spring embedded WebApplicationContext
2017-04-11 12:00:20.966  INFO 6732 --- [main] o.s.web.context.ContextLoader            : Root WebApplicationContext: initialization completed in 9678 ms
2017-04-11 12:00:21.293  INFO 6732 --- [main] o.s.b.w.servlet.FilterRegistrationBean   : Mapping filter: 'metricsFilter' to: [/*]
2017-04-11 12:00:21.293  INFO 6732 --- [main] o.s.b.w.servlet.FilterRegistrationBean   : Mapping filter: 'characterEncodingFilter' to: [/*]
2017-04-11 12:00:21.293  INFO 6732 --- [main] o.s.b.w.servlet.FilterRegistrationBean   : Mapping filter: 'hiddenHttpMethodFilter' to: [/*]
2017-04-11 12:00:21.293  INFO 6732 --- [main] o.s.b.w.servlet.FilterRegistrationBean   : Mapping filter: 'httpPutFormContentFilter' to: [/*]
2017-04-11 12:00:21.293  INFO 6732 --- [main] o.s.b.w.servlet.FilterRegistrationBean   : Mapping filter: 'requestContextFilter' to: [/*]
2017-04-11 12:00:21.293  INFO 6732 --- [main] o.s.b.w.servlet.FilterRegistrationBean   : Mapping filter: 'corsFilter' to: [/*]
2017-04-11 12:00:21.293  INFO 6732 --- [main] o.s.b.w.servlet.FilterRegistrationBean   : Mapping filter: 'webRequestLoggingFilter' to: [/*]
2017-04-11 12:00:21.293  INFO 6732 --- [main] o.s.b.w.servlet.FilterRegistrationBean   : Mapping filter: 'applicationContextIdFilter' to: [/*]
2017-04-11 12:00:21.293  INFO 6732 --- [main] o.s.b.w.servlet.ServletRegistrationBean  : Mapping servlet: 'dispatcherServlet' to [/]
2017-04-11 12:00:22.775  INFO 6732 --- [main] o.e.jetty.server.handler.ContextHandler  : Started o.s.b.c.e.j.JettyEmbeddedWebAppContext@92ceca{/,file:///C:/Users/sunny.zhao/AppData/Local/Temp/jetty-docbase.7338756368620651074.8083/,AVAILABLE}
2017-04-11 12:00:22.775  INFO 6732 --- [main] org.eclipse.jetty.server.Server          : Started @21773ms
2017-04-11 12:00:23.259  INFO 6732 --- [main] org.mongodb.driver.cluster               : Cluster created with settings {hosts=[10.220.132.186:8080], mode=SINGLE, requiredClusterType=UNKNOWN, serverSelectionTimeout='30000 ms', maxWaitQueueSize=500}
2017-04-11 12:00:23.555  INFO 6732 --- [cluster-ClusterId{value='58ec54d77e21ea1a4c29b282', description='null'}-10.220.132.186:8080] org.mongodb.driver.connection            : Opened connection [connectionId{localValue:1, serverValue:978}] to 10.220.132.186:8080
2017-04-11 12:00:23.555  INFO 6732 --- [cluster-ClusterId{value='58ec54d77e21ea1a4c29b282', description='null'}-10.220.132.186:8080] org.mongodb.driver.cluster               : Monitor thread successfully connected to server with description ServerDescription{address=10.220.132.186:8080, type=STANDALONE, state=CONNECTED, ok=true, version=ServerVersion{versionList=[3, 4, 1]}, minWireVersion=0, maxWireVersion=5, maxDocumentSize=16777216, roundTripTimeNanos=3140854}
2017-04-11 12:00:24.666  INFO 6732 --- [main] s.w.s.m.m.a.RequestMappingHandlerMapping : Mapped "{[/index],methods=[GET]}" onto public java.util.List<com.veritas.automation.microservices.track.deployment.domain.CIResultsEntity> com.veritas.automation.microservices.track.deployment.web.DeploymentController.getCiResult()
2017-04-11 12:00:24.666  INFO 6732 --- [main] s.w.s.m.m.a.RequestMappingHandlerMapping : Mapped "{[/foo],methods=[GET]}" onto public com.veritas.automation.microservices.track.deployment.domain.OrderDTO1 com.veritas.automation.microservices.track.deployment.web.FooController.getOrder()
2017-04-11 12:00:24.666  INFO 6732 --- [main] s.w.s.m.m.a.RequestMappingHandlerMapping : Mapped "{[/issue],methods=[POST]}" onto public java.lang.String com.veritas.automation.microservices.track.helpcenter.web.ReportIssueController.postReportIssue(com.veritas.automation.microservices.track.helpcenter.domain.IssueEntity)
2017-04-11 12:00:24.666  INFO 6732 --- [main] s.w.s.m.m.a.RequestMappingHandlerMapping : Mapped "{[/issues],methods=[GET]}" onto public java.util.List<com.veritas.automation.microservices.track.helpcenter.domain.IssueEntity> com.veritas.automation.microservices.track.helpcenter.web.ReportIssueController.getReportIssues()
2017-04-11 12:00:24.666  INFO 6732 --- [main] s.w.s.m.m.a.RequestMappingHandlerMapping : Mapped "{[/v2/api-docs],methods=[GET],produces=[application/json || application/hal+json]}" onto public org.springframework.http.ResponseEntity<springfox.documentation.spring.web.json.Json> springfox.documentation.swagger2.web.Swagger2Controller.getDocumentation(java.lang.String,javax.servlet.http.HttpServletRequest)
2017-04-11 12:00:24.681  INFO 6732 --- [main] s.w.s.m.m.a.RequestMappingHandlerMapping : Mapped "{[/swagger-resources/configuration/ui]}" onto org.springframework.http.ResponseEntity<springfox.documentation.swagger.web.UiConfiguration> springfox.documentation.swagger.web.ApiResourceController.uiConfiguration()
2017-04-11 12:00:24.681  INFO 6732 --- [main] s.w.s.m.m.a.RequestMappingHandlerMapping : Mapped "{[/swagger-resources]}" onto org.springframework.http.ResponseEntity<java.util.List<springfox.documentation.swagger.web.SwaggerResource>> springfox.documentation.swagger.web.ApiResourceController.swaggerResources()
2017-04-11 12:00:24.681  INFO 6732 --- [main] s.w.s.m.m.a.RequestMappingHandlerMapping : Mapped "{[/swagger-resources/configuration/security]}" onto org.springframework.http.ResponseEntity<springfox.documentation.swagger.web.SecurityConfiguration> springfox.documentation.swagger.web.ApiResourceController.securityConfiguration()
2017-04-11 12:00:24.681  INFO 6732 --- [main] s.w.s.m.m.a.RequestMappingHandlerMapping : Mapped "{[/error]}" onto public org.springframework.http.ResponseEntity<java.util.Map<java.lang.String, java.lang.Object>> org.springframework.boot.autoconfigure.web.BasicErrorController.error(javax.servlet.http.HttpServletRequest)
2017-04-11 12:00:24.681  INFO 6732 --- [main] s.w.s.m.m.a.RequestMappingHandlerMapping : Mapped "{[/error],produces=[text/html]}" onto public org.springframework.web.servlet.ModelAndView org.springframework.boot.autoconfigure.web.BasicErrorController.errorHtml(javax.servlet.http.HttpServletRequest,javax.servlet.http.HttpServletResponse)
2017-04-11 12:00:24.931  INFO 6732 --- [main] o.s.b.a.e.mvc.EndpointHandlerMapping     : Mapped "{[/configprops || /configprops.json],methods=[GET],produces=[application/vnd.spring-boot.actuator.v1+json || application/json]}" onto public java.lang.Object org.springframework.boot.actuate.endpoint.mvc.EndpointMvcAdapter.invoke()
2017-04-11 12:00:24.931  INFO 6732 --- [main] o.s.b.a.e.mvc.EndpointHandlerMapping     : Mapped "{[/env/{name:.*}],methods=[GET],produces=[application/vnd.spring-boot.actuator.v1+json || application/json]}" onto public java.lang.Object org.springframework.boot.actuate.endpoint.mvc.EnvironmentMvcEndpoint.value(java.lang.String)
2017-04-11 12:00:24.931  INFO 6732 --- [main] o.s.b.a.e.mvc.EndpointHandlerMapping     : Mapped "{[/env || /env.json],methods=[GET],produces=[application/vnd.spring-boot.actuator.v1+json || application/json]}" onto public java.lang.Object org.springframework.boot.actuate.endpoint.mvc.EndpointMvcAdapter.invoke()
2017-04-11 12:00:24.947  INFO 6732 --- [main] o.s.b.a.e.mvc.EndpointHandlerMapping     : Mapped "{[/metrics/{name:.*}],methods=[GET],produces=[application/vnd.spring-boot.actuator.v1+json || application/json]}" onto public java.lang.Object org.springframework.boot.actuate.endpoint.mvc.MetricsMvcEndpoint.value(java.lang.String)
2017-04-11 12:00:24.947  INFO 6732 --- [main] o.s.b.a.e.mvc.EndpointHandlerMapping     : Mapped "{[/metrics || /metrics.json],methods=[GET],produces=[application/vnd.spring-boot.actuator.v1+json || application/json]}" onto public java.lang.Object org.springframework.boot.actuate.endpoint.mvc.EndpointMvcAdapter.invoke()
2017-04-11 12:00:24.947  INFO 6732 --- [main] o.s.b.a.e.mvc.EndpointHandlerMapping     : Mapped "{[/autoconfig || /autoconfig.json],methods=[GET],produces=[application/vnd.spring-boot.actuator.v1+json || application/json]}" onto public java.lang.Object org.springframework.boot.actuate.endpoint.mvc.EndpointMvcAdapter.invoke()
2017-04-11 12:00:24.947  INFO 6732 --- [main] o.s.b.a.e.mvc.EndpointHandlerMapping     : Mapped "{[/auditevents || /auditevents.json],methods=[GET],produces=[application/vnd.spring-boot.actuator.v1+json || application/json]}" onto public org.springframework.http.ResponseEntity<?> org.springframework.boot.actuate.endpoint.mvc.AuditEventsMvcEndpoint.findByPrincipalAndAfterAndType(java.lang.String,java.util.Date,java.lang.String)
2017-04-11 12:00:24.947  INFO 6732 --- [main] o.s.b.a.e.mvc.EndpointHandlerMapping     : Mapped "{[/mappings || /mappings.json],methods=[GET],produces=[application/vnd.spring-boot.actuator.v1+json || application/json]}" onto public java.lang.Object org.springframework.boot.actuate.endpoint.mvc.EndpointMvcAdapter.invoke()
2017-04-11 12:00:24.947  INFO 6732 --- [main] o.s.b.a.e.mvc.EndpointHandlerMapping     : Mapped "{[/info || /info.json],methods=[GET],produces=[application/vnd.spring-boot.actuator.v1+json || application/json]}" onto public java.lang.Object org.springframework.boot.actuate.endpoint.mvc.EndpointMvcAdapter.invoke()
2017-04-11 12:00:24.947  INFO 6732 --- [main] o.s.b.a.e.mvc.EndpointHandlerMapping     : Mapped "{[/dump || /dump.json],methods=[GET],produces=[application/vnd.spring-boot.actuator.v1+json || application/json]}" onto public java.lang.Object org.springframework.boot.actuate.endpoint.mvc.EndpointMvcAdapter.invoke()
2017-04-11 12:00:24.947  INFO 6732 --- [main] o.s.b.a.e.mvc.EndpointHandlerMapping     : Mapped "{[/health || /health.json],methods=[GET],produces=[application/vnd.spring-boot.actuator.v1+json || application/json]}" onto public java.lang.Object org.springframework.boot.actuate.endpoint.mvc.HealthMvcEndpoint.invoke(javax.servlet.http.HttpServletRequest)
2017-04-11 12:00:24.947  INFO 6732 --- [main] o.s.b.a.e.mvc.EndpointHandlerMapping     : Mapped "{[/heapdump || /heapdump.json],methods=[GET],produces=[application/octet-stream]}" onto public void org.springframework.boot.actuate.endpoint.mvc.HeapdumpMvcEndpoint.invoke(boolean,javax.servlet.http.HttpServletRequest,javax.servlet.http.HttpServletResponse) throws java.io.IOException,javax.servlet.ServletException
2017-04-11 12:00:24.947  INFO 6732 --- [main] o.s.b.a.e.mvc.EndpointHandlerMapping     : Mapped "{[/trace || /trace.json],methods=[GET],produces=[application/vnd.spring-boot.actuator.v1+json || application/json]}" onto public java.lang.Object org.springframework.boot.actuate.endpoint.mvc.EndpointMvcAdapter.invoke()
2017-04-11 12:00:24.947  INFO 6732 --- [main] o.s.b.a.e.mvc.EndpointHandlerMapping     : Mapped "{[/loggers/{name:.*}],methods=[GET],produces=[application/vnd.spring-boot.actuator.v1+json || application/json]}" onto public java.lang.Object org.springframework.boot.actuate.endpoint.mvc.LoggersMvcEndpoint.get(java.lang.String)
2017-04-11 12:00:24.947  INFO 6732 --- [main] o.s.b.a.e.mvc.EndpointHandlerMapping     : Mapped "{[/loggers/{name:.*}],methods=[POST],consumes=[application/vnd.spring-boot.actuator.v1+json || application/json],produces=[application/vnd.spring-boot.actuator.v1+json || application/json]}" onto public java.lang.Object org.springframework.boot.actuate.endpoint.mvc.LoggersMvcEndpoint.set(java.lang.String,java.util.Map<java.lang.String, java.lang.String>)
2017-04-11 12:00:24.947  INFO 6732 --- [main] o.s.b.a.e.mvc.EndpointHandlerMapping     : Mapped "{[/loggers || /loggers.json],methods=[GET],produces=[application/vnd.spring-boot.actuator.v1+json || application/json]}" onto public java.lang.Object org.springframework.boot.actuate.endpoint.mvc.EndpointMvcAdapter.invoke()
2017-04-11 12:00:24.947  INFO 6732 --- [main] o.s.b.a.e.mvc.EndpointHandlerMapping     : Mapped "{[/logfile || /logfile.json],methods=[GET || HEAD]}" onto public void org.springframework.boot.actuate.endpoint.mvc.LogFileMvcEndpoint.invoke(javax.servlet.http.HttpServletRequest,javax.servlet.http.HttpServletResponse) throws javax.servlet.ServletException,java.io.IOException
2017-04-11 12:00:24.947  INFO 6732 --- [main] o.s.b.a.e.mvc.EndpointHandlerMapping     : Mapped "{[/beans || /beans.json],methods=[GET],produces=[application/vnd.spring-boot.actuator.v1+json || application/json]}" onto public java.lang.Object org.springframework.boot.actuate.endpoint.mvc.EndpointMvcAdapter.invoke()
2017-04-11 12:00:25.368  INFO 6732 --- [main] s.w.s.m.m.a.RequestMappingHandlerAdapter : Looking for @ControllerAdvice: org.springframework.boot.context.embedded.AnnotationConfigEmbeddedWebApplicationContext@16be97c: startup date [Tue Apr 11 12:00:11 CST 2017]; root of context hierarchy
2017-04-11 12:00:25.446  INFO 6732 --- [main] o.s.w.s.handler.SimpleUrlHandlerMapping  : Mapped URL path [/webjars/**] onto handler of type [class org.springframework.web.servlet.resource.ResourceHttpRequestHandler]
2017-04-11 12:00:25.446  INFO 6732 --- [main] o.s.w.s.handler.SimpleUrlHandlerMapping  : Mapped URL path [/**] onto handler of type [class org.springframework.web.servlet.resource.ResourceHttpRequestHandler]
2017-04-11 12:00:25.508  INFO 6732 --- [main] o.s.w.s.handler.SimpleUrlHandlerMapping  : Mapped URL path [/**/favicon.ico] onto handler of type [class org.springframework.web.servlet.resource.ResourceHttpRequestHandler]
2017-04-11 12:00:26.023  INFO 6732 --- [main] o.s.j.e.a.AnnotationMBeanExporter        : Registering beans for JMX exposure on startup
2017-04-11 12:00:26.054  INFO 6732 --- [main] o.s.c.support.DefaultLifecycleProcessor  : Starting beans in phase 0
2017-04-11 12:00:26.101  INFO 6732 --- [main] o.s.c.support.DefaultLifecycleProcessor  : Starting beans in phase 2147483647
2017-04-11 12:00:26.101  INFO 6732 --- [main] d.s.w.p.DocumentationPluginsBootstrapper : Context refreshed
2017-04-11 12:00:26.304  INFO 6732 --- [main] d.s.w.p.DocumentationPluginsBootstrapper : Found 1 custom documentation plugin(s)
2017-04-11 12:00:26.335  INFO 6732 --- [main] s.d.s.w.s.ApiListingReferenceScanner     : Scanning for api listing references
2017-04-11 12:00:26.789  INFO 6732 --- [main] application                              : Initializing Spring FrameworkServlet 'dispatcherServlet'
2017-04-11 12:00:26.789  INFO 6732 --- [main] o.s.web.servlet.DispatcherServlet        : FrameworkServlet 'dispatcherServlet': initialization started
2017-04-11 12:00:26.835  INFO 6732 --- [main] o.s.web.servlet.DispatcherServlet        : FrameworkServlet 'dispatcherServlet': initialization completed in 46 ms
2017-04-11 12:00:26.898  INFO 6732 --- [main] o.e.jetty.server.AbstractConnector       : Started ServerConnector@50d440{HTTP/1.1,[http/1.1]}{0.0.0.0:8083}
2017-04-11 12:00:26.898  INFO 6732 --- [main] .s.b.c.e.j.JettyEmbeddedServletContainer : Jetty started on port(s) 8083 (http/1.1)
2017-04-11 12:00:26.913  INFO 6732 --- [main] c.v.a.microservices.track.TrackServer    : Started TrackServer in 19.728 seconds (JVM running for 25.918)
2017-04-11 12:02:42.776  INFO 6732 --- [qtp13764277-12] org.mongodb.driver.connection            : Opened connection [connectionId{localValue:2, serverValue:979}] to 10.220.132.186:8080
2017-04-11 12:14:00.265  INFO 9120 --- [main] c.v.a.microservices.track.TrackServer    : Starting TrackServer on W231412B8FM2Y with PID 9120 (D:\erya_backend\erya-backend\build\classes\main started by Sunny.Zhao in D:\erya_backend\erya-backend)
2017-04-11 12:14:00.265  INFO 9120 --- [main] c.v.a.microservices.track.TrackServer    : No active profile set, falling back to default profiles: default
2017-04-11 12:14:00.374  INFO 9120 --- [main] ationConfigEmbeddedWebApplicationContext : Refreshing org.springframework.boot.context.embedded.AnnotationConfigEmbeddedWebApplicationContext@16be97c: startup date [Tue Apr 11 12:14:00 CST 2017]; root of context hierarchy
2017-04-11 12:14:02.310  INFO 9120 --- [main] trationDelegate$BeanPostProcessorChecker : Bean 'org.springframework.boot.autoconfigure.validation.ValidationAutoConfiguration' of type [class org.springframework.boot.autoconfigure.validation.ValidationAutoConfiguration] is not eligible for getting processed by all BeanPostProcessors (for example: not eligible for auto-proxying)
2017-04-11 12:14:02.388  INFO 9120 --- [main] trationDelegate$BeanPostProcessorChecker : Bean 'validator' of type [class org.springframework.validation.beanvalidation.LocalValidatorFactoryBean] is not eligible for getting processed by all BeanPostProcessors (for example: not eligible for auto-proxying)
2017-04-11 12:14:02.591  INFO 9120 --- [main] org.eclipse.jetty.util.log               : Logging initialized @3893ms to org.eclipse.jetty.util.log.Slf4jLog
2017-04-11 12:14:03.065  INFO 9120 --- [main] e.j.JettyEmbeddedServletContainerFactory : Server initialized with port: 8083
2017-04-11 12:14:03.065  INFO 9120 --- [main] org.eclipse.jetty.server.Server          : jetty-9.4.1.v20170120
2017-04-11 12:14:03.241  INFO 9120 --- [main] org.eclipse.jetty.server.session         : DefaultSessionIdManager workerName=node0
2017-04-11 12:14:03.241  INFO 9120 --- [main] org.eclipse.jetty.server.session         : No SessionScavenger set, using defaults
2017-04-11 12:14:03.244  INFO 9120 --- [main] org.eclipse.jetty.server.session         : Scavenging every 660000ms
2017-04-11 12:14:03.249  INFO 9120 --- [main] application                              : Initializing Spring embedded WebApplicationContext
2017-04-11 12:14:03.250  INFO 9120 --- [main] o.s.web.context.ContextLoader            : Root WebApplicationContext: initialization completed in 2923 ms
2017-04-11 12:14:03.491  INFO 9120 --- [main] o.s.b.w.servlet.FilterRegistrationBean   : Mapping filter: 'metricsFilter' to: [/*]
2017-04-11 12:14:03.491  INFO 9120 --- [main] o.s.b.w.servlet.FilterRegistrationBean   : Mapping filter: 'characterEncodingFilter' to: [/*]
2017-04-11 12:14:03.491  INFO 9120 --- [main] o.s.b.w.servlet.FilterRegistrationBean   : Mapping filter: 'hiddenHttpMethodFilter' to: [/*]
2017-04-11 12:14:03.491  INFO 9120 --- [main] o.s.b.w.servlet.FilterRegistrationBean   : Mapping filter: 'httpPutFormContentFilter' to: [/*]
2017-04-11 12:14:03.491  INFO 9120 --- [main] o.s.b.w.servlet.FilterRegistrationBean   : Mapping filter: 'requestContextFilter' to: [/*]
2017-04-11 12:14:03.492  INFO 9120 --- [main] o.s.b.w.servlet.FilterRegistrationBean   : Mapping filter: 'corsFilter' to: [/*]
2017-04-11 12:14:03.492  INFO 9120 --- [main] o.s.b.w.servlet.FilterRegistrationBean   : Mapping filter: 'webRequestLoggingFilter' to: [/*]
2017-04-11 12:14:03.492  INFO 9120 --- [main] o.s.b.w.servlet.FilterRegistrationBean   : Mapping filter: 'applicationContextIdFilter' to: [/*]
2017-04-11 12:14:03.492  INFO 9120 --- [main] o.s.b.w.servlet.ServletRegistrationBean  : Mapping servlet: 'dispatcherServlet' to [/]
2017-04-11 12:14:04.129  INFO 9120 --- [main] o.e.jetty.server.handler.ContextHandler  : Started o.s.b.c.e.j.JettyEmbeddedWebAppContext@86a5a7{/,file:///C:/Users/sunny.zhao/AppData/Local/Temp/jetty-docbase.1915430885452864101.8083/,AVAILABLE}
2017-04-11 12:14:04.129  INFO 9120 --- [main] org.eclipse.jetty.server.Server          : Started @5424ms
2017-04-11 12:14:04.441  INFO 9120 --- [main] org.mongodb.driver.cluster               : Cluster created with settings {hosts=[10.220.132.186:8080], mode=SINGLE, requiredClusterType=UNKNOWN, serverSelectionTimeout='30000 ms', maxWaitQueueSize=500}
2017-04-11 12:14:04.663  INFO 9120 --- [cluster-ClusterId{value='58ec580c7e21ea23a0a350bd', description='null'}-10.220.132.186:8080] org.mongodb.driver.connection            : Opened connection [connectionId{localValue:1, serverValue:980}] to 10.220.132.186:8080
2017-04-11 12:14:04.668  INFO 9120 --- [cluster-ClusterId{value='58ec580c7e21ea23a0a350bd', description='null'}-10.220.132.186:8080] org.mongodb.driver.cluster               : Monitor thread successfully connected to server with description ServerDescription{address=10.220.132.186:8080, type=STANDALONE, state=CONNECTED, ok=true, version=ServerVersion{versionList=[3, 4, 1]}, minWireVersion=0, maxWireVersion=5, maxDocumentSize=16777216, roundTripTimeNanos=3279937}
2017-04-11 12:14:06.774  INFO 9120 --- [main] s.w.s.m.m.a.RequestMappingHandlerMapping : Mapped "{[/index],methods=[GET]}" onto public java.util.List<com.veritas.automation.microservices.track.deployment.domain.CIResultsEntity> com.veritas.automation.microservices.track.deployment.web.DeploymentController.getCiResult()
2017-04-11 12:14:06.774  INFO 9120 --- [main] s.w.s.m.m.a.RequestMappingHandlerMapping : Mapped "{[/foo1],methods=[GET]}" onto public java.lang.String com.veritas.automation.microservices.track.deployment.web.DeploymentController.getFoo()
2017-04-11 12:14:06.774  INFO 9120 --- [main] s.w.s.m.m.a.RequestMappingHandlerMapping : Mapped "{[/foo],methods=[GET]}" onto public com.veritas.automation.microservices.track.deployment.domain.OrderDTO1 com.veritas.automation.microservices.track.deployment.web.FooController.getOrder()
2017-04-11 12:14:06.774  INFO 9120 --- [main] s.w.s.m.m.a.RequestMappingHandlerMapping : Mapped "{[/issue],methods=[POST]}" onto public java.lang.String com.veritas.automation.microservices.track.helpcenter.web.ReportIssueController.postReportIssue(com.veritas.automation.microservices.track.helpcenter.domain.IssueEntity)
2017-04-11 12:14:06.774  INFO 9120 --- [main] s.w.s.m.m.a.RequestMappingHandlerMapping : Mapped "{[/issues],methods=[GET]}" onto public java.util.List<com.veritas.automation.microservices.track.helpcenter.domain.IssueEntity> com.veritas.automation.microservices.track.helpcenter.web.ReportIssueController.getReportIssues()
2017-04-11 12:14:06.774  INFO 9120 --- [main] s.w.s.m.m.a.RequestMappingHandlerMapping : Mapped "{[/v2/api-docs],methods=[GET],produces=[application/json || application/hal+json]}" onto public org.springframework.http.ResponseEntity<springfox.documentation.spring.web.json.Json> springfox.documentation.swagger2.web.Swagger2Controller.getDocumentation(java.lang.String,javax.servlet.http.HttpServletRequest)
2017-04-11 12:14:06.774  INFO 9120 --- [main] s.w.s.m.m.a.RequestMappingHandlerMapping : Mapped "{[/swagger-resources/configuration/security]}" onto org.springframework.http.ResponseEntity<springfox.documentation.swagger.web.SecurityConfiguration> springfox.documentation.swagger.web.ApiResourceController.securityConfiguration()
2017-04-11 12:14:06.774  INFO 9120 --- [main] s.w.s.m.m.a.RequestMappingHandlerMapping : Mapped "{[/swagger-resources/configuration/ui]}" onto org.springframework.http.ResponseEntity<springfox.documentation.swagger.web.UiConfiguration> springfox.documentation.swagger.web.ApiResourceController.uiConfiguration()
2017-04-11 12:14:06.774  INFO 9120 --- [main] s.w.s.m.m.a.RequestMappingHandlerMapping : Mapped "{[/swagger-resources]}" onto org.springframework.http.ResponseEntity<java.util.List<springfox.documentation.swagger.web.SwaggerResource>> springfox.documentation.swagger.web.ApiResourceController.swaggerResources()
2017-04-11 12:14:06.774  INFO 9120 --- [main] s.w.s.m.m.a.RequestMappingHandlerMapping : Mapped "{[/error]}" onto public org.springframework.http.ResponseEntity<java.util.Map<java.lang.String, java.lang.Object>> org.springframework.boot.autoconfigure.web.BasicErrorController.error(javax.servlet.http.HttpServletRequest)
2017-04-11 12:14:06.774  INFO 9120 --- [main] s.w.s.m.m.a.RequestMappingHandlerMapping : Mapped "{[/error],produces=[text/html]}" onto public org.springframework.web.servlet.ModelAndView org.springframework.boot.autoconfigure.web.BasicErrorController.errorHtml(javax.servlet.http.HttpServletRequest,javax.servlet.http.HttpServletResponse)
2017-04-11 12:14:06.985  INFO 9120 --- [main] o.s.b.a.e.mvc.EndpointHandlerMapping     : Mapped "{[/auditevents || /auditevents.json],methods=[GET],produces=[application/vnd.spring-boot.actuator.v1+json || application/json]}" onto public org.springframework.http.ResponseEntity<?> org.springframework.boot.actuate.endpoint.mvc.AuditEventsMvcEndpoint.findByPrincipalAndAfterAndType(java.lang.String,java.util.Date,java.lang.String)
2017-04-11 12:14:06.986  INFO 9120 --- [main] o.s.b.a.e.mvc.EndpointHandlerMapping     : Mapped "{[/metrics/{name:.*}],methods=[GET],produces=[application/vnd.spring-boot.actuator.v1+json || application/json]}" onto public java.lang.Object org.springframework.boot.actuate.endpoint.mvc.MetricsMvcEndpoint.value(java.lang.String)
2017-04-11 12:14:06.987  INFO 9120 --- [main] o.s.b.a.e.mvc.EndpointHandlerMapping     : Mapped "{[/metrics || /metrics.json],methods=[GET],produces=[application/vnd.spring-boot.actuator.v1+json || application/json]}" onto public java.lang.Object org.springframework.boot.actuate.endpoint.mvc.EndpointMvcAdapter.invoke()
2017-04-11 12:14:06.988  INFO 9120 --- [main] o.s.b.a.e.mvc.EndpointHandlerMapping     : Mapped "{[/trace || /trace.json],methods=[GET],produces=[application/vnd.spring-boot.actuator.v1+json || application/json]}" onto public java.lang.Object org.springframework.boot.actuate.endpoint.mvc.EndpointMvcAdapter.invoke()
2017-04-11 12:14:06.989  INFO 9120 --- [main] o.s.b.a.e.mvc.EndpointHandlerMapping     : Mapped "{[/env/{name:.*}],methods=[GET],produces=[application/vnd.spring-boot.actuator.v1+json || application/json]}" onto public java.lang.Object org.springframework.boot.actuate.endpoint.mvc.EnvironmentMvcEndpoint.value(java.lang.String)
2017-04-11 12:14:06.989  INFO 9120 --- [main] o.s.b.a.e.mvc.EndpointHandlerMapping     : Mapped "{[/env || /env.json],methods=[GET],produces=[application/vnd.spring-boot.actuator.v1+json || application/json]}" onto public java.lang.Object org.springframework.boot.actuate.endpoint.mvc.EndpointMvcAdapter.invoke()
2017-04-11 12:14:06.990  INFO 9120 --- [main] o.s.b.a.e.mvc.EndpointHandlerMapping     : Mapped "{[/info || /info.json],methods=[GET],produces=[application/vnd.spring-boot.actuator.v1+json || application/json]}" onto public java.lang.Object org.springframework.boot.actuate.endpoint.mvc.EndpointMvcAdapter.invoke()
2017-04-11 12:14:06.991  INFO 9120 --- [main] o.s.b.a.e.mvc.EndpointHandlerMapping     : Mapped "{[/mappings || /mappings.json],methods=[GET],produces=[application/vnd.spring-boot.actuator.v1+json || application/json]}" onto public java.lang.Object org.springframework.boot.actuate.endpoint.mvc.EndpointMvcAdapter.invoke()
2017-04-11 12:14:06.992  INFO 9120 --- [main] o.s.b.a.e.mvc.EndpointHandlerMapping     : Mapped "{[/configprops || /configprops.json],methods=[GET],produces=[application/vnd.spring-boot.actuator.v1+json || application/json]}" onto public java.lang.Object org.springframework.boot.actuate.endpoint.mvc.EndpointMvcAdapter.invoke()
2017-04-11 12:14:06.993  INFO 9120 --- [main] o.s.b.a.e.mvc.EndpointHandlerMapping     : Mapped "{[/health || /health.json],methods=[GET],produces=[application/vnd.spring-boot.actuator.v1+json || application/json]}" onto public java.lang.Object org.springframework.boot.actuate.endpoint.mvc.HealthMvcEndpoint.invoke(javax.servlet.http.HttpServletRequest)
2017-04-11 12:14:06.995  INFO 9120 --- [main] o.s.b.a.e.mvc.EndpointHandlerMapping     : Mapped "{[/logfile || /logfile.json],methods=[GET || HEAD]}" onto public void org.springframework.boot.actuate.endpoint.mvc.LogFileMvcEndpoint.invoke(javax.servlet.http.HttpServletRequest,javax.servlet.http.HttpServletResponse) throws javax.servlet.ServletException,java.io.IOException
2017-04-11 12:14:06.997  INFO 9120 --- [main] o.s.b.a.e.mvc.EndpointHandlerMapping     : Mapped "{[/heapdump || /heapdump.json],methods=[GET],produces=[application/octet-stream]}" onto public void org.springframework.boot.actuate.endpoint.mvc.HeapdumpMvcEndpoint.invoke(boolean,javax.servlet.http.HttpServletRequest,javax.servlet.http.HttpServletResponse) throws java.io.IOException,javax.servlet.ServletException
2017-04-11 12:14:06.999  INFO 9120 --- [main] o.s.b.a.e.mvc.EndpointHandlerMapping     : Mapped "{[/loggers/{name:.*}],methods=[GET],produces=[application/vnd.spring-boot.actuator.v1+json || application/json]}" onto public java.lang.Object org.springframework.boot.actuate.endpoint.mvc.LoggersMvcEndpoint.get(java.lang.String)
2017-04-11 12:14:06.999  INFO 9120 --- [main] o.s.b.a.e.mvc.EndpointHandlerMapping     : Mapped "{[/loggers/{name:.*}],methods=[POST],consumes=[application/vnd.spring-boot.actuator.v1+json || application/json],produces=[application/vnd.spring-boot.actuator.v1+json || application/json]}" onto public java.lang.Object org.springframework.boot.actuate.endpoint.mvc.LoggersMvcEndpoint.set(java.lang.String,java.util.Map<java.lang.String, java.lang.String>)
2017-04-11 12:14:06.999  INFO 9120 --- [main] o.s.b.a.e.mvc.EndpointHandlerMapping     : Mapped "{[/loggers || /loggers.json],methods=[GET],produces=[application/vnd.spring-boot.actuator.v1+json || application/json]}" onto public java.lang.Object org.springframework.boot.actuate.endpoint.mvc.EndpointMvcAdapter.invoke()
2017-04-11 12:14:07.000  INFO 9120 --- [main] o.s.b.a.e.mvc.EndpointHandlerMapping     : Mapped "{[/autoconfig || /autoconfig.json],methods=[GET],produces=[application/vnd.spring-boot.actuator.v1+json || application/json]}" onto public java.lang.Object org.springframework.boot.actuate.endpoint.mvc.EndpointMvcAdapter.invoke()
2017-04-11 12:14:07.000  INFO 9120 --- [main] o.s.b.a.e.mvc.EndpointHandlerMapping     : Mapped "{[/dump || /dump.json],methods=[GET],produces=[application/vnd.spring-boot.actuator.v1+json || application/json]}" onto public java.lang.Object org.springframework.boot.actuate.endpoint.mvc.EndpointMvcAdapter.invoke()
2017-04-11 12:14:07.000  INFO 9120 --- [main] o.s.b.a.e.mvc.EndpointHandlerMapping     : Mapped "{[/beans || /beans.json],methods=[GET],produces=[application/vnd.spring-boot.actuator.v1+json || application/json]}" onto public java.lang.Object org.springframework.boot.actuate.endpoint.mvc.EndpointMvcAdapter.invoke()
2017-04-11 12:14:07.579  INFO 9120 --- [main] s.w.s.m.m.a.RequestMappingHandlerAdapter : Looking for @ControllerAdvice: org.springframework.boot.context.embedded.AnnotationConfigEmbeddedWebApplicationContext@16be97c: startup date [Tue Apr 11 12:14:00 CST 2017]; root of context hierarchy
2017-04-11 12:14:07.637  INFO 9120 --- [main] o.s.w.s.handler.SimpleUrlHandlerMapping  : Mapped URL path [/webjars/**] onto handler of type [class org.springframework.web.servlet.resource.ResourceHttpRequestHandler]
2017-04-11 12:14:07.637  INFO 9120 --- [main] o.s.w.s.handler.SimpleUrlHandlerMapping  : Mapped URL path [/**] onto handler of type [class org.springframework.web.servlet.resource.ResourceHttpRequestHandler]
2017-04-11 12:14:07.769  INFO 9120 --- [main] o.s.w.s.handler.SimpleUrlHandlerMapping  : Mapped URL path [/**/favicon.ico] onto handler of type [class org.springframework.web.servlet.resource.ResourceHttpRequestHandler]
2017-04-11 12:14:08.052  INFO 9120 --- [main] o.s.j.e.a.AnnotationMBeanExporter        : Registering beans for JMX exposure on startup
2017-04-11 12:14:08.068  INFO 9120 --- [main] o.s.c.support.DefaultLifecycleProcessor  : Starting beans in phase 0
2017-04-11 12:14:08.115  INFO 9120 --- [main] o.s.c.support.DefaultLifecycleProcessor  : Starting beans in phase 2147483647
2017-04-11 12:14:08.115  INFO 9120 --- [main] d.s.w.p.DocumentationPluginsBootstrapper : Context refreshed
2017-04-11 12:14:08.255  INFO 9120 --- [main] d.s.w.p.DocumentationPluginsBootstrapper : Found 1 custom documentation plugin(s)
2017-04-11 12:14:08.271  INFO 9120 --- [main] s.d.s.w.s.ApiListingReferenceScanner     : Scanning for api listing references
2017-04-11 12:14:08.629  INFO 9120 --- [main] application                              : Initializing Spring FrameworkServlet 'dispatcherServlet'
2017-04-11 12:14:08.629  INFO 9120 --- [main] o.s.web.servlet.DispatcherServlet        : FrameworkServlet 'dispatcherServlet': initialization started
2017-04-11 12:14:08.644  INFO 9120 --- [main] o.s.web.servlet.DispatcherServlet        : FrameworkServlet 'dispatcherServlet': initialization completed in 15 ms
2017-04-11 12:14:08.644  INFO 9120 --- [main] o.e.jetty.server.AbstractConnector       : Started ServerConnector@141e1bf{HTTP/1.1,[http/1.1]}{0.0.0.0:8083}
2017-04-11 12:14:08.644  INFO 9120 --- [main] .s.b.c.e.j.JettyEmbeddedServletContainer : Jetty started on port(s) 8083 (http/1.1)
2017-04-11 12:14:08.660  INFO 9120 --- [main] c.v.a.microservices.track.TrackServer    : Started TrackServer in 9.021 seconds (JVM running for 9.959)
